[debug] [2024-05-17T09:36:29.170Z] ----------------------------------------------------------------------
[debug] [2024-05-17T09:36:29.174Z] Command:       C:\Program Files\nodejs\node.exe C:\Users\Daiyan Khan\AppData\Roaming\npm\node_modules\firebase-tools\lib\bin\firebase.js serve
[debug] [2024-05-17T09:36:29.174Z] CLI Version:   13.7.2
[debug] [2024-05-17T09:36:29.175Z] Platform:      win32
[debug] [2024-05-17T09:36:29.175Z] Node Version:  v20.12.2
[debug] [2024-05-17T09:36:29.175Z] Time:          Fri May 17 2024 19:36:29 GMT+1000 (Australian Eastern Standard Time)
[debug] [2024-05-17T09:36:29.175Z] ----------------------------------------------------------------------
[debug] 
[debug] [2024-05-17T09:36:29.331Z] > command requires scopes: ["email","openid","https://www.googleapis.com/auth/cloudplatformprojects.readonly","https://www.googleapis.com/auth/firebase","https://www.googleapis.com/auth/cloud-platform"]
[debug] [2024-05-17T09:36:29.332Z] > authorizing via signed-in user (iamdaiyankhan@gmail.com)
[debug] [2024-05-17T09:36:29.333Z] [iam] checking project automated-rural-traffic for permissions ["firebase.projects.get"]
[debug] [2024-05-17T09:36:29.335Z] >>> [apiv2][query] POST https://cloudresourcemanager.googleapis.com/v1/projects/automated-rural-traffic:testIamPermissions [none]
[debug] [2024-05-17T09:36:29.336Z] >>> [apiv2][(partial)header] POST https://cloudresourcemanager.googleapis.com/v1/projects/automated-rural-traffic:testIamPermissions x-goog-quota-user=projects/automated-rural-traffic
[debug] [2024-05-17T09:36:29.336Z] >>> [apiv2][body] POST https://cloudresourcemanager.googleapis.com/v1/projects/automated-rural-traffic:testIamPermissions {"permissions":["firebase.projects.get"]}
[debug] [2024-05-17T09:36:29.722Z] <<< [apiv2][status] POST https://cloudresourcemanager.googleapis.com/v1/projects/automated-rural-traffic:testIamPermissions 200
[debug] [2024-05-17T09:36:29.722Z] <<< [apiv2][body] POST https://cloudresourcemanager.googleapis.com/v1/projects/automated-rural-traffic:testIamPermissions {"permissions":["firebase.projects.get"]}
[debug] [2024-05-17T09:36:29.724Z] >>> [apiv2][query] GET https://firebase.googleapis.com/v1beta1/projects/automated-rural-traffic [none]
[debug] [2024-05-17T09:36:30.325Z] <<< [apiv2][status] GET https://firebase.googleapis.com/v1beta1/projects/automated-rural-traffic 200
[debug] [2024-05-17T09:36:30.326Z] <<< [apiv2][body] GET https://firebase.googleapis.com/v1beta1/projects/automated-rural-traffic {"projectId":"automated-rural-traffic","projectNumber":"468670245155","displayName":"Automated Rural Traffic","name":"projects/automated-rural-traffic","resources":{"hostingSite":"automated-rural-traffic","realtimeDatabaseInstance":"automated-rural-traffic-default-rtdb"},"state":"ACTIVE","etag":"1_6cfbc985-6d0a-4c96-813c-428f1cb34918"}
[info] 
[info] === Serving from 'C:\Users\Daiyan Khan\OneDrive\Desktop\Daiyan\STUDY\Deakin\Year 2 Trim 1\SIT210 EMBEDDED SYSTEMS\4.2HD\App'...
[info] 
[debug] [2024-05-17T09:36:30.337Z] >>> [apiv2][query] GET https://firebasehosting.googleapis.com/v1beta1/projects/automated-rural-traffic/sites 
[debug] [2024-05-17T09:36:31.691Z] <<< [apiv2][status] GET https://firebasehosting.googleapis.com/v1beta1/projects/automated-rural-traffic/sites 200
[debug] [2024-05-17T09:36:31.691Z] <<< [apiv2][body] GET https://firebasehosting.googleapis.com/v1beta1/projects/automated-rural-traffic/sites {"sites":[{"name":"projects/automated-rural-traffic/sites/automated-rural-traffic","defaultUrl":"https://automated-rural-traffic.web.app","appId":"1:468670245155:web:698a79883f9c8d4e3c4496","type":"DEFAULT_SITE"}]}
[debug] [2024-05-17T09:36:31.691Z] >>> [apiv2][query] GET https://firebase.googleapis.com/v1beta1/projects/automated-rural-traffic/webApps/1:468670245155:web:698a79883f9c8d4e3c4496/config [none]
[debug] [2024-05-17T09:36:32.247Z] <<< [apiv2][status] GET https://firebase.googleapis.com/v1beta1/projects/automated-rural-traffic/webApps/1:468670245155:web:698a79883f9c8d4e3c4496/config 200
[debug] [2024-05-17T09:36:32.248Z] <<< [apiv2][body] GET https://firebase.googleapis.com/v1beta1/projects/automated-rural-traffic/webApps/1:468670245155:web:698a79883f9c8d4e3c4496/config {"projectId":"automated-rural-traffic","appId":"1:468670245155:web:698a79883f9c8d4e3c4496","databaseURL":"https://automated-rural-traffic-default-rtdb.asia-southeast1.firebasedatabase.app","storageBucket":"automated-rural-traffic.appspot.com","apiKey":"AIzaSyBu4gHtqzeB6853VMHEMjaVxqoyJF5G-Xw","authDomain":"automated-rural-traffic.firebaseapp.com","messagingSenderId":"468670245155","measurementId":"G-E5198FF2JM"}
[debug] [2024-05-17T09:36:32.257Z] >>> [apiv2][query] GET https://firebase.googleapis.com/v1beta1/projects/automated-rural-traffic [none]
[debug] [2024-05-17T09:36:32.678Z] <<< [apiv2][status] GET https://firebase.googleapis.com/v1beta1/projects/automated-rural-traffic 200
[debug] [2024-05-17T09:36:32.678Z] <<< [apiv2][body] GET https://firebase.googleapis.com/v1beta1/projects/automated-rural-traffic {"projectId":"automated-rural-traffic","projectNumber":"468670245155","displayName":"Automated Rural Traffic","name":"projects/automated-rural-traffic","resources":{"hostingSite":"automated-rural-traffic","realtimeDatabaseInstance":"automated-rural-traffic-default-rtdb"},"state":"ACTIVE","etag":"1_6cfbc985-6d0a-4c96-813c-428f1cb34918"}
[info] i  hosting[automated-rural-traffic]: Serving hosting files from: public {"metadata":{"emulator":{"name":"hosting"},"message":"Serving hosting files from: \u001b[1mpublic\u001b[22m"}}
[info] +  hosting[automated-rural-traffic]: Local server: http://localhost:5000 {"metadata":{"emulator":{"name":"hosting"},"message":"Local server: \u001b[4m\u001b[1mhttp://localhost:5000\u001b[22m\u001b[24m"}}
[info] i  hosting: ::1 - - [17/May/2024:09:37:13 +0000] "GET / HTTP/1.1" 200 - "-" "Mozilla/5.0 (Windows NT 10.0; Win64; x64) AppleWebKit/537.36 (KHTML, like Gecko) Chrome/123.0.0.0 Safari/537.36 OPR/109.0.0.0" {"metadata":{"emulator":{"name":"hosting"},"message":"::1 - - [17/May/2024:09:37:13 +0000] \"GET / HTTP/1.1\" 200 - \"-\" \"Mozilla/5.0 (Windows NT 10.0; Win64; x64) AppleWebKit/537.36 (KHTML, like Gecko) Chrome/123.0.0.0 Safari/537.36 OPR/109.0.0.0\""}}
